<?xml version="1.0" encoding="UTF-8"?>
<!-- Generated by org.testng.reporters.JUnitReportReporter -->
<testsuite skipped="0" hostname="LAPTOP-J2I98D04" name="org.roomsoom.com.P1_Open_URL" tests="1" failures="0" timestamp="2021-03-23T10:51:39 IST" time="32.321" errors="0">
  <testcase name="search" time="32.321" classname="org.roomsoom.com.P1_Open_URL"/>
  <system-out/>
</testsuite> <!-- org.roomsoom.com.P1_Open_URL -->
