<?xml version="1.0" encoding="UTF-8"?>
<!-- Generated by org.testng.reporters.JUnitReportReporter -->
<testsuite skipped="0" hostname="DESKTOP-MP9K177" name="org.roomsoom.com.P2_GetTitle" tests="1" failures="0" timestamp="2021-05-08T17:42:14 IST" time="21.725" errors="0">
  <testcase name="getUrl" time="21.725" classname="org.roomsoom.com.P2_GetTitle"/>
</testsuite> <!-- org.roomsoom.com.P2_GetTitle -->
