<?xml version="1.0" encoding="UTF-8"?>
<!-- Generated by org.testng.reporters.JUnitReportReporter -->
<testsuite skipped="0" hostname="DESKTOP-MP9K177" name="org.project.tests.InitiateSearchTest" tests="1" failures="0" timestamp="2021-05-09T18:40:17 IST" time="21.291" errors="0">
  <testcase name="initiateSearchRoundTrip" time="21.291" classname="org.project.tests.InitiateSearchTest"/>
</testsuite> <!-- org.project.tests.InitiateSearchTest -->
