<?xml version="1.0" encoding="UTF-8"?>
<!-- Generated by org.testng.reporters.JUnitReportReporter -->
<testsuite skipped="0" hostname="DESKTOP-MP9K177" name="org.roomsoom.com.HandleMultiWindows" tests="1" failures="0" timestamp="2021-04-11T12:06:10 IST" time="46.880" errors="0">
  <testcase name="handleMultipleBrowserWindows" time="46.880" classname="org.roomsoom.com.HandleMultiWindows"/>
</testsuite> <!-- org.roomsoom.com.HandleMultiWindows -->
