<?xml version="1.0" encoding="UTF-8"?>
<!-- Generated by org.testng.reporters.JUnitReportReporter -->
<testsuite skipped="0" hostname="DESKTOP-MP9K177" name="org.roomsoom.com.HandleMultiWindowsTest" tests="1" failures="0" timestamp="2021-05-08T18:25:21 IST" time="26.380" errors="0">
  <testcase name="handleMultipleBrowserWindows" time="26.380" classname="org.roomsoom.com.HandleMultiWindowsTest"/>
</testsuite> <!-- org.roomsoom.com.HandleMultiWindowsTest -->
