<?xml version="1.0" encoding="UTF-8"?>
<!-- Generated by org.testng.reporters.JUnitReportReporter -->
<testsuite skipped="0" hostname="DESKTOP-MP9K177" name="org.roomsoom.com.P1_Open_URL" tests="1" failures="0" timestamp="2021-04-03T11:21:35 IST" time="9.873" errors="0">
  <testcase name="search" time="9.873" classname="org.roomsoom.com.P1_Open_URL"/>
</testsuite> <!-- org.roomsoom.com.P1_Open_URL -->
