<?xml version="1.0" encoding="UTF-8"?>
<!-- Generated by org.testng.reporters.JUnitReportReporter -->
<<<<<<< HEAD
<testsuite skipped="0" hostname="LAPTOP-J2I98D04" name="org.roomsoom.com.P1_Open_URL" tests="1" failures="0" timestamp="2021-03-27T12:59:09 IST" time="8.126" errors="0">
  <testcase name="search" time="8.126" classname="org.roomsoom.com.P1_Open_URL"/>
  <system-out/>
=======
<testsuite skipped="0" hostname="DESKTOP-MP9K177" name="org.roomsoom.com.P1_Open_URL" tests="1" failures="0" timestamp="2021-04-03T11:21:35 IST" time="9.873" errors="0">
  <testcase name="search" time="9.873" classname="org.roomsoom.com.P1_Open_URL"/>
>>>>>>> af3ebd8320ee7e7f202f48389f72e58301655f09
</testsuite> <!-- org.roomsoom.com.P1_Open_URL -->
