<?xml version="1.0" encoding="UTF-8"?>
<!-- Generated by org.testng.reporters.JUnitReportReporter -->
<testsuite skipped="0" hostname="DESKTOP-MP9K177" name="org.roomsoom.com.P3_Roomsoom_Admin_Login_CheckTest" tests="1" failures="0" timestamp="2021-05-08T18:17:35 IST" time="44.862" errors="0">
  <testcase name="geturl" time="44.862" classname="org.roomsoom.com.P3_Roomsoom_Admin_Login_CheckTest"/>
</testsuite> <!-- org.roomsoom.com.P3_Roomsoom_Admin_Login_CheckTest -->
